
*** Running vivado
    with args -log modulator_wrapper.vds -m64 -product Vivado -mode batch -messageDb vivado.pb -notrace -source modulator_wrapper.tcl



****** Vivado v2024.2 (64-bit)
  **** SW Build 5239630 on Fri Nov 08 22:35:27 MST 2024
  **** IP Build 5239520 on Sun Nov 10 16:12:51 MST 2024
  **** SharedData Build 5239561 on Fri Nov 08 14:39:27 MST 2024
  **** Start of session at: Tue Feb 18 22:58:30 2025
    ** Copyright 1986-2022 Xilinx, Inc. All Rights Reserved.
    ** Copyright 2022-2024 Advanced Micro Devices, Inc. All Rights Reserved.

source modulator_wrapper.tcl -notrace
Command: read_checkpoint -auto_incremental -incremental C:/Users/ruair/Documents/Vivado/Lab03_Basys3Implementation/modulator/modulator.srcs/utils_1/imports/synth_1/modulator_wrapper.dcp
INFO: [Vivado 12-5825] Read reference checkpoint from C:/Users/ruair/Documents/Vivado/Lab03_Basys3Implementation/modulator/modulator.srcs/utils_1/imports/synth_1/modulator_wrapper.dcp for incremental synthesis
INFO: [Vivado 12-7989] Please ensure there are no constraint changes
Command: synth_design -top modulator_wrapper -part xc7z020clg484-1
Starting synth_design
Attempting to get a license for feature 'Synthesis' and/or device 'xc7z020'
INFO: [Common 17-349] Got license for feature 'Synthesis' and/or device 'xc7z020'
INFO: [Device 21-403] Loading part xc7z020clg484-1
INFO: [Designutils 20-5440] No compile time benefit to using incremental synthesis; A full resynthesis will be run
INFO: [Designutils 20-4379] Flow is switching to default flow due to incremental criteria not met. If you would like to alter this behaviour and have the flow terminate instead, please set the following parameter config_implementation {autoIncr.Synth.RejectBehavior Terminate}
INFO: [Synth 8-7079] Multithreading enabled for synth_design using a maximum of 2 processes.
INFO: [Synth 8-7078] Launching helper process for spawning children vivado processes
INFO: [Synth 8-7075] Helper process launched with PID 17164
---------------------------------------------------------------------------------
Starting RTL Elaboration : Time (s): cpu = 00:00:07 ; elapsed = 00:00:07 . Memory (MB): peak = 1147.887 ; gain = 468.684
---------------------------------------------------------------------------------
WARNING: [Synth 8-9112] actual for formal port 'div_factor_freqhigh' is neither a static name nor a globally static expression [C:/Users/ruair/Documents/Vivado/Lab03_Basys3Implementation/modulator/modulator.srcs/sources_1/imports/tutorial code/modulator_rtl.vhd:66]
WARNING: [Synth 8-9112] actual for formal port 'div_factor_freqlow' is neither a static name nor a globally static expression [C:/Users/ruair/Documents/Vivado/Lab03_Basys3Implementation/modulator/modulator.srcs/sources_1/imports/tutorial code/modulator_rtl.vhd:67]
INFO: [Synth 8-638] synthesizing module 'modulator_wrapper' [C:/Users/ruair/Documents/Vivado/Lab03_Basys3Implementation/modulator/modulator.srcs/sources_1/imports/tutorial code/modulator_wrapper_rtl.vhd:32]
INFO: [Synth 8-638] synthesizing module 'modulator' [C:/Users/ruair/Documents/Vivado/Lab03_Basys3Implementation/modulator/modulator.srcs/sources_1/imports/tutorial code/modulator_rtl.vhd:22]
	Parameter design_setting_g[cntampl_value] bound to: 32'sb00000000000000000000000011111111 
	Parameter design_setting_g[f_low] bound to: 1.000000 - type: double 
	Parameter design_setting_g[f_high] bound to: 3.500000 - type: double 
	Parameter design_setting_g[depth] bound to: 7'b0001000 
	Parameter design_setting_g[width] bound to: 7'b0001100 
INFO: [Synth 8-638] synthesizing module 'frequency_trigger' [C:/Users/ruair/Documents/Vivado/Lab03_Basys3Implementation/modulator/modulator.srcs/sources_1/imports/tutorial code/frequency_trigger_rtl.vhd:33]
INFO: [Synth 8-256] done synthesizing module 'frequency_trigger' (0#1) [C:/Users/ruair/Documents/Vivado/Lab03_Basys3Implementation/modulator/modulator.srcs/sources_1/imports/tutorial code/frequency_trigger_rtl.vhd:33]
INFO: [Synth 8-638] synthesizing module 'counter' [C:/Users/ruair/Documents/Vivado/Lab03_Basys3Implementation/modulator/modulator.srcs/sources_1/imports/tutorial code/counter_rtl.vhd:16]
	Parameter cnt_value_g bound to: 255 - type: integer 
	Parameter depth_g bound to: 8 - type: integer 
INFO: [Synth 8-256] done synthesizing module 'counter' (0#1) [C:/Users/ruair/Documents/Vivado/Lab03_Basys3Implementation/modulator/modulator.srcs/sources_1/imports/tutorial code/counter_rtl.vhd:16]
INFO: [Synth 8-638] synthesizing module 'sine' [C:/Users/ruair/Documents/Vivado/Lab03_Basys3Implementation/modulator/modulator.srcs/sources_1/imports/tutorial code/digital_sine_rtl.vhd:18]
	Parameter depth_g bound to: 8 - type: integer 
	Parameter width_g bound to: 12 - type: integer 
INFO: [Synth 8-256] done synthesizing module 'sine' (0#1) [C:/Users/ruair/Documents/Vivado/Lab03_Basys3Implementation/modulator/modulator.srcs/sources_1/imports/tutorial code/digital_sine_rtl.vhd:18]
INFO: [Synth 8-638] synthesizing module 'pwm' [C:/Users/ruair/Documents/Vivado/Lab03_Basys3Implementation/modulator/modulator.srcs/sources_1/imports/tutorial code/pwm_rtl.vhd:20]
	Parameter width_g bound to: 12 - type: integer 
INFO: [Synth 8-256] done synthesizing module 'pwm' (0#1) [C:/Users/ruair/Documents/Vivado/Lab03_Basys3Implementation/modulator/modulator.srcs/sources_1/imports/tutorial code/pwm_rtl.vhd:20]
INFO: [Synth 8-256] done synthesizing module 'modulator' (0#1) [C:/Users/ruair/Documents/Vivado/Lab03_Basys3Implementation/modulator/modulator.srcs/sources_1/imports/tutorial code/modulator_rtl.vhd:22]
INFO: [Synth 8-256] done synthesizing module 'modulator_wrapper' (0#1) [C:/Users/ruair/Documents/Vivado/Lab03_Basys3Implementation/modulator/modulator.srcs/sources_1/imports/tutorial code/modulator_wrapper_rtl.vhd:32]
WARNING: [Synth 8-7129] Port clk_n in module modulator_wrapper is either unconnected or has no load
---------------------------------------------------------------------------------
Finished RTL Elaboration : Time (s): cpu = 00:00:10 ; elapsed = 00:00:10 . Memory (MB): peak = 1255.293 ; gain = 576.090
---------------------------------------------------------------------------------
---------------------------------------------------------------------------------
Start Handling Custom Attributes
---------------------------------------------------------------------------------
---------------------------------------------------------------------------------
Finished Handling Custom Attributes : Time (s): cpu = 00:00:10 ; elapsed = 00:00:10 . Memory (MB): peak = 1255.293 ; gain = 576.090
---------------------------------------------------------------------------------
---------------------------------------------------------------------------------
Finished RTL Optimization Phase 1 : Time (s): cpu = 00:00:10 ; elapsed = 00:00:10 . Memory (MB): peak = 1255.293 ; gain = 576.090
---------------------------------------------------------------------------------
Netlist sorting complete. Time (s): cpu = 00:00:00 ; elapsed = 00:00:00.004 . Memory (MB): peak = 1255.293 ; gain = 0.000
INFO: [Project 1-570] Preparing netlist for logic optimization

Processing XDC Constraints
Initializing timing engine
Parsing XDC File [C:/Users/ruair/Documents/Vivado/Lab03_Basys3Implementation/modulator/modulator.srcs/constrs_1/new/modulator.xdc]
Finished Parsing XDC File [C:/Users/ruair/Documents/Vivado/Lab03_Basys3Implementation/modulator/modulator.srcs/constrs_1/new/modulator.xdc]
INFO: [Project 1-236] Implementation specific constraints were found while reading constraint file [C:/Users/ruair/Documents/Vivado/Lab03_Basys3Implementation/modulator/modulator.srcs/constrs_1/new/modulator.xdc]. These constraints will be ignored for synthesis but will be used in implementation. Impacted constraints are listed in the file [.Xil/modulator_wrapper_propImpl.xdc].
Resolution: To avoid this warning, move constraints listed in [.Xil/modulator_wrapper_propImpl.xdc] to another XDC file and exclude this new file from synthesis with the used_in_synthesis property (File Properties dialog in GUI) and re-run elaboration/synthesis.
Completed Processing XDC Constraints

Netlist sorting complete. Time (s): cpu = 00:00:00 ; elapsed = 00:00:00 . Memory (MB): peak = 1323.430 ; gain = 0.000
INFO: [Project 1-111] Unisim Transformation Summary:
No Unisim elements were transformed.

Constraint Validation Runtime : Time (s): cpu = 00:00:00 ; elapsed = 00:00:00.016 . Memory (MB): peak = 1323.430 ; gain = 0.000
INFO: [Designutils 20-5440] No compile time benefit to using incremental synthesis; A full resynthesis will be run
INFO: [Designutils 20-4379] Flow is switching to default flow due to incremental criteria not met. If you would like to alter this behaviour and have the flow terminate instead, please set the following parameter config_implementation {autoIncr.Synth.RejectBehavior Terminate}
---------------------------------------------------------------------------------
Finished Constraint Validation : Time (s): cpu = 00:00:23 ; elapsed = 00:00:24 . Memory (MB): peak = 1323.430 ; gain = 644.227
---------------------------------------------------------------------------------
---------------------------------------------------------------------------------
Start Loading Part and Timing Information
---------------------------------------------------------------------------------
Loading part: xc7z020clg484-1
---------------------------------------------------------------------------------
Finished Loading Part and Timing Information : Time (s): cpu = 00:00:23 ; elapsed = 00:00:24 . Memory (MB): peak = 1323.430 ; gain = 644.227
---------------------------------------------------------------------------------
---------------------------------------------------------------------------------
Start Applying 'set_property' XDC Constraints
---------------------------------------------------------------------------------
---------------------------------------------------------------------------------
Finished applying 'set_property' XDC Constraints : Time (s): cpu = 00:00:23 ; elapsed = 00:00:24 . Memory (MB): peak = 1323.430 ; gain = 644.227
---------------------------------------------------------------------------------
WARNING: [Synth 8-6040] Register ampl_cnt_s_reg driving address of a ROM cannot be packed in BRAM/URAM because of presence of initial value.
INFO: [Synth 8-802] inferred FSM for state register 'state_reg' in module 'pwm'
---------------------------------------------------------------------------------------------------
                   State |                     New Encoding |                Previous Encoding 
---------------------------------------------------------------------------------------------------
           load_new_ampl |                               00 |                               00
                pwm_high |                               01 |                               01
                 pwm_low |                               10 |                               10
---------------------------------------------------------------------------------------------------
INFO: [Synth 8-3354] encoded FSM with state register 'state_reg' using encoding 'sequential' in module 'pwm'
---------------------------------------------------------------------------------
Finished RTL Optimization Phase 2 : Time (s): cpu = 00:00:23 ; elapsed = 00:00:25 . Memory (MB): peak = 1323.430 ; gain = 644.227
---------------------------------------------------------------------------------
---------------------------------------------------------------------------------
Start RTL Component Statistics 
---------------------------------------------------------------------------------
Detailed RTL Component Info : 
+---Adders : 
	   2 Input   32 Bit       Adders := 4     
	   2 Input   12 Bit       Adders := 1     
	   2 Input    8 Bit       Adders := 1     
+---Registers : 
	               12 Bit    Registers := 3     
	                8 Bit    Registers := 2     
	                1 Bit    Registers := 2     
+---ROMs : 
	                    ROMs := 1     
+---Muxes : 
	   3 Input   12 Bit        Muxes := 1     
	   3 Input    2 Bit        Muxes := 1     
	   2 Input    2 Bit        Muxes := 4     
	   2 Input    1 Bit        Muxes := 8     
	   3 Input    1 Bit        Muxes := 3     
---------------------------------------------------------------------------------
Finished RTL Component Statistics 
---------------------------------------------------------------------------------
---------------------------------------------------------------------------------
Start Part Resource Summary
---------------------------------------------------------------------------------
Part Resources:
DSPs: 220 (col length:60)
BRAMs: 280 (col length: RAMB18 60 RAMB36 30)
---------------------------------------------------------------------------------
Finished Part Resource Summary
---------------------------------------------------------------------------------
---------------------------------------------------------------------------------
Start Cross Boundary and Area Optimization
---------------------------------------------------------------------------------
WARNING: [Synth 8-7080] Parallel synthesis criteria is not met
WARNING: [Synth 8-6040] Register pwmmodulator/sine/ampl_cnt_s_reg driving address of a ROM cannot be packed in BRAM/URAM because of presence of initial value.
WARNING: [Synth 8-7129] Port clk_n in module modulator_wrapper is either unconnected or has no load
---------------------------------------------------------------------------------
Finished Cross Boundary and Area Optimization : Time (s): cpu = 00:00:27 ; elapsed = 00:00:29 . Memory (MB): peak = 1323.430 ; gain = 644.227
---------------------------------------------------------------------------------
---------------------------------------------------------------------------------
Start ROM, RAM, DSP, Shift Register and Retiming Reporting
---------------------------------------------------------------------------------

ROM: Preliminary Mapping Report
+------------------+------------------------------+---------------+----------------+
|Module Name       | RTL Object                   | Depth x Width | Implemented As | 
+------------------+------------------------------+---------------+----------------+
|modulator_wrapper | pwmmodulator/sine/sine_s_reg | 256x12        | Block RAM      | 
+------------------+------------------------------+---------------+----------------+

---------------------------------------------------------------------------------
Finished ROM, RAM, DSP, Shift Register and Retiming Reporting
---------------------------------------------------------------------------------
---------------------------------------------------------------------------------
Start Applying XDC Timing Constraints
---------------------------------------------------------------------------------
---------------------------------------------------------------------------------
Finished Applying XDC Timing Constraints : Time (s): cpu = 00:00:36 ; elapsed = 00:00:38 . Memory (MB): peak = 1451.398 ; gain = 772.195
---------------------------------------------------------------------------------
---------------------------------------------------------------------------------
Start Timing Optimization
---------------------------------------------------------------------------------
---------------------------------------------------------------------------------
Finished Timing Optimization : Time (s): cpu = 00:00:36 ; elapsed = 00:00:38 . Memory (MB): peak = 1481.520 ; gain = 802.316
---------------------------------------------------------------------------------
---------------------------------------------------------------------------------
Start Technology Mapping
---------------------------------------------------------------------------------
INFO: [Synth 8-7052] The timing for the instance pwmmodulator/sine/sine_s_reg (implemented as a Block RAM) might be sub-optimal as no optional output register could be merged into the ram block. Providing additional output register may help in improving timing.
---------------------------------------------------------------------------------
Finished Technology Mapping : Time (s): cpu = 00:00:36 ; elapsed = 00:00:38 . Memory (MB): peak = 1482.348 ; gain = 803.145
---------------------------------------------------------------------------------
---------------------------------------------------------------------------------
Start IO Insertion
---------------------------------------------------------------------------------
---------------------------------------------------------------------------------
Start Flattening Before IO Insertion
---------------------------------------------------------------------------------
---------------------------------------------------------------------------------
Finished Flattening Before IO Insertion
---------------------------------------------------------------------------------
---------------------------------------------------------------------------------
Start Final Netlist Cleanup
---------------------------------------------------------------------------------
---------------------------------------------------------------------------------
Finished Final Netlist Cleanup
---------------------------------------------------------------------------------
---------------------------------------------------------------------------------
Finished IO Insertion : Time (s): cpu = 00:00:39 ; elapsed = 00:00:42 . Memory (MB): peak = 1679.195 ; gain = 999.992
---------------------------------------------------------------------------------
---------------------------------------------------------------------------------
Start Renaming Generated Instances
---------------------------------------------------------------------------------
---------------------------------------------------------------------------------
Finished Renaming Generated Instances : Time (s): cpu = 00:00:39 ; elapsed = 00:00:42 . Memory (MB): peak = 1679.195 ; gain = 999.992
---------------------------------------------------------------------------------
---------------------------------------------------------------------------------
Start Rebuilding User Hierarchy
---------------------------------------------------------------------------------
---------------------------------------------------------------------------------
Finished Rebuilding User Hierarchy : Time (s): cpu = 00:00:39 ; elapsed = 00:00:42 . Memory (MB): peak = 1679.195 ; gain = 999.992
---------------------------------------------------------------------------------
---------------------------------------------------------------------------------
Start Renaming Generated Ports
---------------------------------------------------------------------------------
---------------------------------------------------------------------------------
Finished Renaming Generated Ports : Time (s): cpu = 00:00:39 ; elapsed = 00:00:42 . Memory (MB): peak = 1679.195 ; gain = 999.992
---------------------------------------------------------------------------------
---------------------------------------------------------------------------------
Start Handling Custom Attributes
---------------------------------------------------------------------------------
---------------------------------------------------------------------------------
Finished Handling Custom Attributes : Time (s): cpu = 00:00:39 ; elapsed = 00:00:42 . Memory (MB): peak = 1679.203 ; gain = 1000.000
---------------------------------------------------------------------------------
---------------------------------------------------------------------------------
Start Renaming Generated Nets
---------------------------------------------------------------------------------
---------------------------------------------------------------------------------
Finished Renaming Generated Nets : Time (s): cpu = 00:00:39 ; elapsed = 00:00:42 . Memory (MB): peak = 1679.203 ; gain = 1000.000
---------------------------------------------------------------------------------
---------------------------------------------------------------------------------
Start Writing Synthesis Report
---------------------------------------------------------------------------------

Report BlackBoxes: 
+-+--------------+----------+
| |BlackBox name |Instances |
+-+--------------+----------+
+-+--------------+----------+

Report Cell Usage: 
+------+---------+------+
|      |Cell     |Count |
+------+---------+------+
|1     |BUFG     |     1|
|2     |CARRY4   |    42|
|3     |LUT1     |     6|
|4     |LUT2     |   122|
|5     |LUT3     |     7|
|6     |LUT4     |    19|
|7     |LUT5     |     2|
|8     |LUT6     |    15|
|9     |RAMB18E1 |     1|
|10    |FDRE     |   108|
|11    |IBUF     |     2|
|12    |OBUF     |     1|
+------+---------+------+
---------------------------------------------------------------------------------
Finished Writing Synthesis Report : Time (s): cpu = 00:00:39 ; elapsed = 00:00:42 . Memory (MB): peak = 1679.203 ; gain = 1000.000
---------------------------------------------------------------------------------
Synthesis finished with 0 errors, 0 critical warnings and 4 warnings.
Synthesis Optimization Runtime : Time (s): cpu = 00:00:27 ; elapsed = 00:00:39 . Memory (MB): peak = 1679.203 ; gain = 931.863
Synthesis Optimization Complete : Time (s): cpu = 00:00:39 ; elapsed = 00:00:42 . Memory (MB): peak = 1679.203 ; gain = 1000.000
INFO: [Project 1-571] Translating synthesized netlist
Netlist sorting complete. Time (s): cpu = 00:00:00 ; elapsed = 00:00:00.004 . Memory (MB): peak = 1688.340 ; gain = 0.000
INFO: [Netlist 29-17] Analyzing 43 Unisim elements for replacement
INFO: [Netlist 29-28] Unisim Transformation completed in 0 CPU seconds
INFO: [Project 1-570] Preparing netlist for logic optimization
INFO: [Opt 31-138] Pushed 0 inverter(s) to 0 load pin(s).
Netlist sorting complete. Time (s): cpu = 00:00:00 ; elapsed = 00:00:00 . Memory (MB): peak = 1691.980 ; gain = 0.000
INFO: [Project 1-111] Unisim Transformation Summary:
No Unisim elements were transformed.

Synth Design complete | Checksum: f14a03a8
INFO: [Common 17-83] Releasing license: Synthesis
36 Infos, 7 Warnings, 0 Critical Warnings and 0 Errors encountered.
synth_design completed successfully
synth_design: Time (s): cpu = 00:00:44 ; elapsed = 00:00:48 . Memory (MB): peak = 1691.980 ; gain = 1239.426
Write ShapeDB Complete: Time (s): cpu = 00:00:00 ; elapsed = 00:00:00.007 . Memory (MB): peak = 1691.980 ; gain = 0.000
INFO: [Common 17-1381] The checkpoint 'C:/Users/ruair/Documents/Vivado/Lab03_Basys3Implementation/modulator/modulator.runs/synth_1/modulator_wrapper.dcp' has been generated.
INFO: [Vivado 12-24828] Executing command : report_utilization -file modulator_wrapper_utilization_synth.rpt -pb modulator_wrapper_utilization_synth.pb
INFO: [Common 17-206] Exiting Vivado at Tue Feb 18 22:59:28 2025...
