#-----------------------------------------------------------
# Vivado v2024.2 (64-bit)
# SW Build 5239630 on Fri Nov 08 22:35:27 MST 2024
# IP Build 5239520 on Sun Nov 10 16:12:51 MST 2024
# SharedData Build 5239561 on Fri Nov 08 14:39:27 MST 2024
# Start of session at: Tue Feb 18 15:02:25 2025
# Process ID         : 6888
# Current directory  : C:/Users/ruair/Documents/Vivado/Lab02_RippleAdder
# Command line       : vivado.exe -gui_launcher_event rodinguilauncherevent23768 C:\Users\ruair\Documents\Vivado\Lab02_RippleAdder\Lab02_RippleAdder.xpr
# Log file           : C:/Users/ruair/Documents/Vivado/Lab02_RippleAdder/vivado.log
# Journal file       : C:/Users/ruair/Documents/Vivado/Lab02_RippleAdder\vivado.jou
# Running On         : RM_Laptop
# Platform           : Windows Server 2016 or Windows 10
# Operating System   : 26100
# Processor Detail   : 11th Gen Intel(R) Core(TM) i7-11370H @ 3.30GHz
# CPU Frequency      : 3302 MHz
# CPU Physical cores : 4
# CPU Logical cores  : 8
# Host memory        : 17005 MB
# Swap memory        : 1073 MB
# Total Virtual      : 18079 MB
# Available Virtual  : 6102 MB
#-----------------------------------------------------------
start_gui
open_project C:/Users/ruair/Documents/Vivado/Lab02_RippleAdder/Lab02_RippleAdder.xpr
INFO: [filemgmt 56-3] Default IP Output Path : Could not find the directory 'C:/Users/ruair/Documents/Vivado/Lab02_RippleAdder/Lab02_RippleAdder.gen/sources_1'.
Scanning sources...
Finished scanning sources
INFO: [IP_Flow 19-234] Refreshing IP repositories
INFO: [IP_Flow 19-1704] No user IP repositories specified
INFO: [IP_Flow 19-2313] Loaded Vivado IP repository 'C:/Xilinx/Vivado/2024.2/data/ip'.
open_project: Time (s): cpu = 00:00:10 ; elapsed = 00:00:05 . Memory (MB): peak = 1072.566 ; gain = 21.684
