Time resolution is 1 ps
Time                 | Status  | test_in0 | test_in1 | fxn | test_out | expected_out |
                 100 | PASS:   |   111000 |   111000 | 000 |   111000 |       111000 |
                 300 | PASS:   |   000101 |   001111 | 000 |   000101 |       000101 |
                 500 | PASS:   |   100101 |   101111 | 000 |   100101 |       100101 |
                 700 | PASS:   |   010101 |   101111 | 000 |   010101 |       010101 |
                 900 | PASS:   |   110101 |   001111 | 000 |   110101 |       110101 |
                1100 | PASS:   |   000000 |   000000 | 000 |   000000 |       000000 |
                1300 | PASS:   |   111111 |   111111 | 000 |   111111 |       111111 |
fxn: 000
                1500 | PASS:   |   111000 |   111000 | 001 |   111000 |       111000 |
                1700 | PASS:   |   000101 |   001111 | 001 |   001111 |       001111 |
                1900 | PASS:   |   100101 |   101111 | 001 |   101111 |       101111 |
                2100 | PASS:   |   010101 |   101111 | 001 |   101111 |       101111 |
                2300 | PASS:   |   110101 |   001111 | 001 |   001111 |       001111 |
                2500 | PASS:   |   000000 |   000000 | 001 |   000000 |       000000 |
                2700 | PASS:   |   111111 |   111111 | 001 |   111111 |       111111 |
fxn: 001
                2900 | PASS:   |   111000 |   111000 | 010 |   001000 |       001000 |
                3100 | PASS:   |   000101 |   001111 | 010 |   111011 |       111011 |
                3300 | PASS:   |   100101 |   101111 | 010 |   011011 |       011011 |
                3500 | PASS:   |   010101 |   101111 | 010 |   101011 |       101011 |
                3700 | PASS:   |   110101 |   001111 | 010 |   001011 |       001011 |
                3900 | PASS:   |   000000 |   000000 | 010 |   000000 |       000000 |
                4100 | PASS:   |   111111 |   111111 | 010 |   000001 |       000001 |
fxn: 010
                4300 | PASS:   |   111000 |   111000 | 011 |   001000 |       001000 |
                4500 | PASS:   |   000101 |   001111 | 011 |   110001 |       110001 |
                4700 | PASS:   |   100101 |   101111 | 011 |   010001 |       010001 |
                4900 | PASS:   |   010101 |   101111 | 011 |   010001 |       010001 |
                5100 | PASS:   |   110101 |   001111 | 011 |   110001 |       110001 |
                5300 | PASS:   |   000000 |   000000 | 011 |   000000 |       000000 |
                5500 | PASS:   |   111111 |   111111 | 011 |   000001 |       000001 |
fxn: 011
                5700 | PASS:   |   111000 |   111000 | 100 |   000000 |       000000 |
                5900 | PASS:   |   000101 |   001111 | 100 |   000001 |       000001 |
                6100 | PASS:   |   100101 |   101111 | 100 |   000001 |       000001 |
                6300 | PASS:   |   010101 |   101111 | 100 |   000000 |       000000 |
                6500 | PASS:   |   110101 |   001111 | 100 |   000001 |       000001 |
                6700 | PASS:   |   000000 |   000000 | 100 |   000000 |       000000 |
                6900 | PASS:   |   111111 |   111111 | 100 |   000000 |       000000 |
                7100 | PASS:   |   111000 |   111000 | 101 |   111111 |       111111 |
                7300 | PASS:   |   000101 |   001111 | 101 |   110101 |       110101 |
                7500 | PASS:   |   100101 |   101111 | 101 |   110101 |       110101 |
                7700 | PASS:   |   010101 |   101111 | 101 |   000101 |       000101 |
                7900 | PASS:   |   110101 |   001111 | 101 |   000101 |       000101 |
                8100 | PASS:   |   000000 |   000000 | 101 |   111111 |       111111 |
                8300 | PASS:   |   111111 |   111111 | 101 |   111111 |       111111 |
fxn: 101
                8500 | PASS:   |   111000 |   111000 | 110 |   110000 |       110000 |
                8700 | PASS:   |   000101 |   001111 | 110 |   010100 |       010100 |
                8900 | PASS:   |   100101 |   101111 | 110 |   010100 |       010100 |
                9100 | PA